0 info it worked if it ends with ok
1 verbose cli [ 'node', '/usr/local/bin/npm', 'publish' ]
2 info using npm@1.4.28
3 info using node@v0.10.32
4 verbose publish [ '.' ]
5 verbose cache add [ '.', null ]
6 verbose cache add name=undefined spec="." args=[".",null]
7 verbose parsed url { protocol: null,
7 verbose parsed url   slashes: null,
7 verbose parsed url   auth: null,
7 verbose parsed url   host: null,
7 verbose parsed url   port: null,
7 verbose parsed url   hostname: null,
7 verbose parsed url   hash: null,
7 verbose parsed url   search: null,
7 verbose parsed url   query: null,
7 verbose parsed url   pathname: '.',
7 verbose parsed url   path: '.',
7 verbose parsed url   href: '.' }
8 silly lockFile 3a52ce78- .
9 verbose lock . /Users/johnheroy/.npm/3a52ce78-.lock
10 verbose tar pack [ '/Users/johnheroy/.npm/prettify-pinyin/0.1.4/package.tgz',
10 verbose tar pack   '.' ]
11 verbose tarball /Users/johnheroy/.npm/prettify-pinyin/0.1.4/package.tgz
12 verbose folder .
13 info prepublish prettify-pinyin@0.1.4
14 silly lockFile 1f1177db-tar tar://.
15 verbose lock tar://. /Users/johnheroy/.npm/1f1177db-tar.lock
16 silly lockFile 4953496e-rettify-pinyin-0-1-4-package-tgz tar:///Users/johnheroy/.npm/prettify-pinyin/0.1.4/package.tgz
17 verbose lock tar:///Users/johnheroy/.npm/prettify-pinyin/0.1.4/package.tgz /Users/johnheroy/.npm/4953496e-rettify-pinyin-0-1-4-package-tgz.lock
18 silly lockFile 1f1177db-tar tar://.
19 silly lockFile 1f1177db-tar tar://.
20 silly lockFile 4953496e-rettify-pinyin-0-1-4-package-tgz tar:///Users/johnheroy/.npm/prettify-pinyin/0.1.4/package.tgz
21 silly lockFile 4953496e-rettify-pinyin-0-1-4-package-tgz tar:///Users/johnheroy/.npm/prettify-pinyin/0.1.4/package.tgz
22 silly lockFile 7717aca8-pm-prettify-pinyin-0-1-4-package /Users/johnheroy/.npm/prettify-pinyin/0.1.4/package
23 verbose lock /Users/johnheroy/.npm/prettify-pinyin/0.1.4/package /Users/johnheroy/.npm/7717aca8-pm-prettify-pinyin-0-1-4-package.lock
24 silly lockFile 7717aca8-pm-prettify-pinyin-0-1-4-package /Users/johnheroy/.npm/prettify-pinyin/0.1.4/package
25 silly lockFile 7717aca8-pm-prettify-pinyin-0-1-4-package /Users/johnheroy/.npm/prettify-pinyin/0.1.4/package
26 silly lockFile 3a52ce78- .
27 silly lockFile 3a52ce78- .
28 silly publish { name: 'prettify-pinyin',
28 silly publish   version: '0.1.4',
28 silly publish   description: 'Turns \'ni3 hao3\' into \'nǐ hǎo\' etc',
28 silly publish   main: 'index.js',
28 silly publish   scripts:
28 silly publish    { test: 'mocha',
28 silly publish      cover: 'istanbul cover ./node_modules/mocha/bin/_mocha --report html -- -R spec' },
28 silly publish   repository:
28 silly publish    { type: 'git',
28 silly publish      url: 'https://github.com/johnheroy/prettify-pinyin.git' },
28 silly publish   keywords: [ 'Chinese', '汉字', 'pinyin', '拼音' ],
28 silly publish   author: { name: 'John Heroy' },
28 silly publish   license: 'MIT',
28 silly publish   bugs: { url: 'https://github.com/johnheroy/prettify-pinyin/issues' },
28 silly publish   homepage: 'https://github.com/johnheroy/prettify-pinyin',
28 silly publish   devDependencies:
28 silly publish    { coveralls: '^2.11.2',
28 silly publish      mocha: '1.21.x',
28 silly publish      'mocha-lcov-reporter': '0.0.1' },
28 silly publish   readme: '# prettify-pinyin [![Build Status](https://travis-ci.org/johnheroy/prettify-pinyin.svg?branch=master)](https://travis-ci.org/johnheroy/prettify-pinyin) [![Coverage Status](https://img.shields.io/coveralls/johnheroy/prettify-pinyin.svg)](https://coveralls.io/r/johnheroy/prettify-pinyin)\n\nprettify-pinyin will take your pinyin written with letters and numbers (i.e. \'ni3 hao3\') and add tone marks, so you don\'t have to. I am using this module to show pretty formats for the pronunciation entries for the CC-CEDICT dictionary which is written with letters and numbers.\n\n## Usage\n\n```\nvar pinyin = require(\'prettify-pinyin\');\n\npinyin.prettify(\'ni3 hao3\');    // => \'nǐ hǎo\'\npinyin.prettify(\'zhong1 guo2\'); // => \'zhōng guó\'\n\n```\n\n## License\n\nMIT',
28 silly publish   readmeFilename: 'README.md',
28 silly publish   gitHead: '9c41de3bc5784b9a2c14be8c6286acff40876efa',
28 silly publish   _id: 'prettify-pinyin@0.1.4',
28 silly publish   _shasum: 'bc1c2f6c67acadba263edc11dc15b654c1c272d7',
28 silly publish   _from: '.' }
29 verbose request where is /prettify-pinyin
30 verbose request registry https://registry.npmjs.org/
31 verbose request id d229a31686e0ad4a
32 verbose url raw /prettify-pinyin
33 verbose url resolving [ 'https://registry.npmjs.org/', './prettify-pinyin' ]
34 verbose url resolved https://registry.npmjs.org/prettify-pinyin
35 verbose request where is https://registry.npmjs.org/prettify-pinyin
36 info trying registry request attempt 1 at 17:23:07
37 http PUT https://registry.npmjs.org/prettify-pinyin
38 http 403 https://registry.npmjs.org/prettify-pinyin
39 verbose headers { date: 'Fri, 24 Oct 2014 22:23:11 GMT',
39 verbose headers   server: 'CouchDB/1.5.0 (Erlang OTP/R16B03)',
39 verbose headers   'content-type': 'application/json',
39 verbose headers   'cache-control': 'max-age=60',
39 verbose headers   'content-length': '3222',
39 verbose headers   'accept-ranges': 'bytes',
39 verbose headers   via: '1.1 varnish',
39 verbose headers   'x-served-by': 'cache-ord1731-ORD',
39 verbose headers   'x-cache': 'MISS',
39 verbose headers   'x-cache-hits': '0',
39 verbose headers   'x-timer': 'S1414189391.231649,VS0,VE241',
39 verbose headers   'keep-alive': 'timeout=10, max=50',
39 verbose headers   connection: 'Keep-Alive' }
40 error publish Failed PUT 403
41 error Error: forbidden cannot modify pre-existing version: 0.1.4
41 error old={"name":"prettify-pinyin","version":"0.1.4","description":"Turns 'ni3 hao3' into 'nǐ hǎo' etc","main":"index.js","scripts":{"test":"mocha"},"repository":{"type":"git","url":"https://github.com/johnheroy/prettify-pinyin.git"},"keywords":["Chinese","汉字","pinyin","拼音"],"author":{"name":"John Heroy"},"license":"MIT","bugs":{"url":"https://github.com/johnheroy/prettify-pinyin/issues"},"homepage":"https://github.com/johnheroy/prettify-pinyin","devDependencies":{"mocha":"1.21.x"},"gitHead":"56cf695b8800df1e420a8ab065e40db9fc50f194","_id":"prettify-pinyin@0.1.4","_shasum":"0cf5c3d6d09d7b79adaf20129a1e29d92908c81c","_from":".","_npmVersion":"1.4.23","_npmUser":{"name":"johnheroy","email":"johnheroy@gmail.com"},"maintainers":[{"name":"johnheroy","email":"johnheroy@gmail.com"}],"dist":{"shasum":"0cf5c3d6d09d7b79adaf20129a1e29d92908c81c","tarball":"http://registry.npmjs.org/prettify-pinyin/-/prettify-pinyin-0.1.4.tgz"}}
41 error new={"name":"prettify-pinyin","version":"0.1.4","description":"Turns 'ni3 hao3' into 'nǐ hǎo' etc","main":"index.js","scripts":{"test":"mocha","cover":"istanbul cover ./node_modules/mocha/bin/_mocha --report html -- -R spec"},"repository":{"type":"git","url":"https://github.com/johnheroy/prettify-pinyin.git"},"keywords":["Chinese","汉字","pinyin","拼音"],"author":{"name":"John Heroy"},"license":"MIT","bugs":{"url":"https://github.com/johnheroy/prettify-pinyin/issues"},"homepage":"https://github.com/johnheroy/prettify-pinyin","devDependencies":{"coveralls":"^2.11.2","mocha":"1.21.x","mocha-lcov-reporter":"0.0.1"},"readme":"# prettify-pinyin [![Build Status](https://travis-ci.org/johnheroy/prettify-pinyin.svg?branch=master)](https://travis-ci.org/johnheroy/prettify-pinyin) [![Coverage Status](https://img.shields.io/coveralls/johnheroy/prettify-pinyin.svg)](https://coveralls.io/r/johnheroy/prettify-pinyin)\u000a\u000aprettify-pinyin will take your pinyin written with letters and numbers (i.e. 'ni3 hao3') and add tone marks, so you don't have to. I am using this module to show pretty formats for the pronunciation entries for the CC-CEDICT dictionary which is written with letters and numbers.\u000a\u000a## Usage\u000a\u000a```\u000avar pinyin = require('prettify-pinyin');\u000a\u000apinyin.prettify('ni3 hao3');    // => 'nǐ hǎo'\u000apinyin.prettify('zhong1 guo2'); // => 'zhōng guó'\u000a\u000a```\u000a\u000a## License\u000a\u000aMIT","readmeFilename":"README.md","gitHead":"9c41de3bc5784b9a2c14be8c6286acff40876efa","_id":"prettify-pinyin@0.1.4","_shasum":"bc1c2f6c67acadba263edc11dc15b654c1c272d7","_from":".","_npmVersion":"1.4.28","_npmUser":{"name":"johnheroy","email":"johnheroy@gmail.com"},"maintainers":[{"name":"johnheroy","email":"johnheroy@gmail.com"}],"dist":{"shasum":"bc1c2f6c67acadba263edc11dc15b654c1c272d7","tarball":"http://registry.npmjs.org/prettify-pinyin/-/prettify-pinyin-0.1.4.tgz"}}: prettify-pinyin
41 error     at RegClient.<anonymous> (/usr/local/lib/node_modules/npm/node_modules/npm-registry-client/lib/request.js:308:14)
41 error     at Request._callback (/usr/local/lib/node_modules/npm/node_modules/npm-registry-client/lib/request.js:246:65)
41 error     at Request.self.callback (/usr/local/lib/node_modules/npm/node_modules/request/request.js:236:22)
41 error     at Request.emit (events.js:98:17)
41 error     at Request.<anonymous> (/usr/local/lib/node_modules/npm/node_modules/request/request.js:1142:14)
41 error     at Request.emit (events.js:117:20)
41 error     at IncomingMessage.<anonymous> (/usr/local/lib/node_modules/npm/node_modules/request/request.js:1096:12)
41 error     at IncomingMessage.emit (events.js:117:20)
41 error     at _stream_readable.js:943:16
41 error     at process._tickCallback (node.js:419:13)
42 error If you need help, you may report this *entire* log,
42 error including the npm and node versions, at:
42 error     <http://github.com/npm/npm/issues>
43 error System Darwin 14.0.0
44 error command "node" "/usr/local/bin/npm" "publish"
45 error cwd /Users/johnheroy/Development/prettify-pinyin
46 error node -v v0.10.32
47 error npm -v 1.4.28
48 verbose exit [ 1, true ]
